Using good policy maddpg and adv policy maddpg
Uncertainty type is:  Action ; Uncertainty level is:  0.5
Starting iterations...
steps: 24975, episodes: 1000, mean episode reward: -25.32939003271536, agent episode reward: [-24.454870857473356, -0.4372595876210016, -0.4372595876210016], time: 72.02
steps: 49975, episodes: 2000, mean episode reward: -13.536355801007701, agent episode reward: [-9.71430543274674, -1.911025184130481, -1.911025184130481], time: 110.502
steps: 74975, episodes: 3000, mean episode reward: -2.419580506170818, agent episode reward: [-8.744549705123289, 3.1624845994762354, 3.1624845994762354], time: 109.123
steps: 99975, episodes: 4000, mean episode reward: 5.848228233334438, agent episode reward: [-16.913037732027856, 11.380632982681146, 11.380632982681146], time: 109.289
steps: 124975, episodes: 5000, mean episode reward: 2.878205983734343, agent episode reward: [-13.771246150019149, 8.324726066876744, 8.324726066876744], time: 108.763
steps: 149975, episodes: 6000, mean episode reward: 8.601400405972912, agent episode reward: [-12.389919677682501, 10.495660041827705, 10.495660041827705], time: 110.183
steps: 174975, episodes: 7000, mean episode reward: 14.407601309733916, agent episode reward: [-19.502195405069784, 16.95489835740185, 16.95489835740185], time: 110.212
steps: 199975, episodes: 8000, mean episode reward: 7.481964318374335, agent episode reward: [-11.366536764010267, 9.4242505411923, 9.4242505411923], time: 110.272
steps: 224975, episodes: 9000, mean episode reward: 14.123751406965233, agent episode reward: [-18.162570608961055, 16.14316100796314, 16.14316100796314], time: 110.356
steps: 249975, episodes: 10000, mean episode reward: 15.029947631381132, agent episode reward: [-26.032824410253845, 20.53138602081749, 20.53138602081749], time: 110.236
steps: 274975, episodes: 11000, mean episode reward: 18.722828138089273, agent episode reward: [-21.821989121460362, 20.27240862977482, 20.27240862977482], time: 110.333
steps: 299975, episodes: 12000, mean episode reward: 20.446565207459052, agent episode reward: [-23.28546309344229, 21.866014150450667, 21.866014150450667], time: 110.431
steps: 324975, episodes: 13000, mean episode reward: 19.145906939370057, agent episode reward: [-22.157609548686647, 20.651758244028354, 20.651758244028354], time: 109.366
steps: 349975, episodes: 14000, mean episode reward: 18.04513956513151, agent episode reward: [-21.327770335057316, 19.68645495009441, 19.68645495009441], time: 109.893
steps: 374975, episodes: 15000, mean episode reward: 17.57224565100084, agent episode reward: [-21.111914492198483, 19.342080071599664, 19.342080071599664], time: 111.065
steps: 399975, episodes: 16000, mean episode reward: 19.27969776408175, agent episode reward: [-22.60946986287689, 20.944583813479316, 20.944583813479316], time: 110.909
steps: 424975, episodes: 17000, mean episode reward: 17.995980355071715, agent episode reward: [-22.945843241277295, 20.47091179817451, 20.47091179817451], time: 110.595
steps: 449975, episodes: 18000, mean episode reward: 17.097650495670692, agent episode reward: [-26.95613758491427, 22.026894040292483, 22.026894040292483], time: 109.639
steps: 474975, episodes: 19000, mean episode reward: 23.417010756659387, agent episode reward: [-29.37178537680864, 26.394398066734016, 26.394398066734016], time: 109.822
steps: 499975, episodes: 20000, mean episode reward: 25.24176922323287, agent episode reward: [-28.29899378146026, 26.770381502346567, 26.770381502346567], time: 109.848
steps: 524975, episodes: 21000, mean episode reward: 25.22951016998655, agent episode reward: [-27.822042747462756, 26.525776458724653, 26.525776458724653], time: 110.703
steps: 549975, episodes: 22000, mean episode reward: 21.825896061759256, agent episode reward: [-24.524071335385607, 23.174983698572433, 23.174983698572433], time: 110.364
steps: 574975, episodes: 23000, mean episode reward: 18.353476198671974, agent episode reward: [-21.179803575030665, 19.76663988685132, 19.76663988685132], time: 110.161
steps: 599975, episodes: 24000, mean episode reward: 16.64069805434761, agent episode reward: [-19.992962452908937, 18.316830253628275, 18.316830253628275], time: 111.026
steps: 624975, episodes: 25000, mean episode reward: 17.061145545146072, agent episode reward: [-19.98893648690288, 18.525041016024478, 18.525041016024478], time: 111.167
steps: 649975, episodes: 26000, mean episode reward: 15.360978142612232, agent episode reward: [-20.063646587461093, 17.712312365036663, 17.712312365036663], time: 110.91
steps: 674975, episodes: 27000, mean episode reward: 16.92587552444794, agent episode reward: [-20.397504312608227, 18.661689918528086, 18.661689918528086], time: 110.488
steps: 699975, episodes: 28000, mean episode reward: 16.656468238736814, agent episode reward: [-20.200424045627347, 18.428446142182082, 18.428446142182082], time: 110.505
steps: 724975, episodes: 29000, mean episode reward: 20.81426478248026, agent episode reward: [-24.07072773322319, 22.442496257851726, 22.442496257851726], time: 110.716
steps: 749975, episodes: 30000, mean episode reward: 20.65324664270488, agent episode reward: [-23.830988891079606, 22.242117766892243, 22.242117766892243], time: 111.525
steps: 774975, episodes: 31000, mean episode reward: 20.43904026973527, agent episode reward: [-23.65461558619421, 22.04682792796474, 22.04682792796474], time: 110.287
steps: 799975, episodes: 32000, mean episode reward: 17.72376070190069, agent episode reward: [-21.184817770781844, 19.454289236341264, 19.454289236341264], time: 110.431
steps: 824975, episodes: 33000, mean episode reward: 18.689236083734922, agent episode reward: [-21.87985882317866, 20.284547453456796, 20.284547453456796], time: 110.138
steps: 849975, episodes: 34000, mean episode reward: 18.014749301938245, agent episode reward: [-21.252354534653183, 19.633551918295716, 19.633551918295716], time: 110.568
steps: 874975, episodes: 35000, mean episode reward: 17.94233957715381, agent episode reward: [-21.146081185471452, 19.54421038131263, 19.54421038131263], time: 110.514
steps: 899975, episodes: 36000, mean episode reward: 16.451883891530255, agent episode reward: [-19.851408119873547, 18.1516460057019, 18.1516460057019], time: 110.39
steps: 924975, episodes: 37000, mean episode reward: 16.707185305090796, agent episode reward: [-19.882220023535414, 18.294702664313103, 18.294702664313103], time: 110.813
steps: 949975, episodes: 38000, mean episode reward: 15.121955554070992, agent episode reward: [-18.47049466461887, 16.796225109344928, 16.796225109344928], time: 111.184
steps: 974975, episodes: 39000, mean episode reward: 12.996241398756247, agent episode reward: [-16.191751293974484, 14.593996346365365, 14.593996346365365], time: 110.223
steps: 999975, episodes: 40000, mean episode reward: 16.89107083369442, agent episode reward: [-20.056779883817327, 18.473925358755874, 18.473925358755874], time: 110.362
steps: 1024975, episodes: 41000, mean episode reward: 18.692581902679706, agent episode reward: [-21.90074750615652, 20.296664704418117, 20.296664704418117], time: 110.89
steps: 1049975, episodes: 42000, mean episode reward: 19.056390936123627, agent episode reward: [-22.43451279786385, 20.745451866993736, 20.745451866993736], time: 110.565
steps: 1074975, episodes: 43000, mean episode reward: 19.66829976473497, agent episode reward: [-23.692433447232236, 21.680366605983604, 21.680366605983604], time: 110.576
steps: 1099975, episodes: 44000, mean episode reward: 18.303926451883072, agent episode reward: [-23.142639502430253, 20.723282977156664, 20.723282977156664], time: 110.476
steps: 1124975, episodes: 45000, mean episode reward: 12.023001238826783, agent episode reward: [-21.583150205560962, 16.80307572219387, 16.80307572219387], time: 110.105
steps: 1149975, episodes: 46000, mean episode reward: 16.38890243973233, agent episode reward: [-21.49070587248361, 18.939804156107975, 18.939804156107975], time: 110.186
steps: 1174975, episodes: 47000, mean episode reward: 12.708070727005836, agent episode reward: [-21.56363937859752, 17.135855052801677, 17.135855052801677], time: 109.637
steps: 1199975, episodes: 48000, mean episode reward: 17.228669865983914, agent episode reward: [-29.46276209216416, 23.345715979074033, 23.345715979074033], time: 111.226
steps: 1224975, episodes: 49000, mean episode reward: 12.555928348927544, agent episode reward: [-22.663766986440933, 17.60984766768424, 17.60984766768424], time: 110.311
steps: 1249975, episodes: 50000, mean episode reward: 24.916298023230084, agent episode reward: [-29.86405799112025, 27.39017800717517, 27.39017800717517], time: 111.001
steps: 1274975, episodes: 51000, mean episode reward: 26.356364475887325, agent episode reward: [-30.110010226360597, 28.23318735112396, 28.23318735112396], time: 111.342
steps: 1299975, episodes: 52000, mean episode reward: 19.93541574701445, agent episode reward: [-23.076567431441664, 21.505991589228056, 21.505991589228056], time: 111.483
steps: 1324975, episodes: 53000, mean episode reward: 16.02710047120678, agent episode reward: [-19.041680449953326, 17.53439046058005, 17.53439046058005], time: 112.015
steps: 1349975, episodes: 54000, mean episode reward: 19.80629650839004, agent episode reward: [-24.774488309289655, 22.29039240883985, 22.29039240883985], time: 110.738
steps: 1374975, episodes: 55000, mean episode reward: 26.84195005890345, agent episode reward: [-30.074353427178686, 28.458151743041068, 28.458151743041068], time: 111.253
steps: 1399975, episodes: 56000, mean episode reward: 26.896245674051563, agent episode reward: [-29.709025754696835, 28.302635714374198, 28.302635714374198], time: 111.041
steps: 1424975, episodes: 57000, mean episode reward: 15.632268598865869, agent episode reward: [-19.00380858941156, 17.318038594138713, 17.318038594138713], time: 111.701
steps: 1449975, episodes: 58000, mean episode reward: 19.250944284485914, agent episode reward: [-23.546865327166504, 21.398904805826213, 21.398904805826213], time: 112.522
steps: 1474975, episodes: 59000, mean episode reward: 30.94108683597821, agent episode reward: [-33.74291561908403, 32.34200122753112, 32.34200122753112], time: 112.172
steps: 1499975, episodes: 60000, mean episode reward: 22.619173467356486, agent episode reward: [-28.03472159686379, 25.326947532110143, 25.326947532110143], time: 108.449
...Finished total of 60001 episodes.
