Using good policy maddpg and adv policy maddpg
Uncertainty type is:  None ; Uncertainty level is:  1.0
Starting iterations...
steps: 24975, episodes: 1000, mean episode reward: -22.27320417301006, agent episode reward: [-37.39529399767061, 7.56104491233028, 7.56104491233028], time: 52.294
steps: 49975, episodes: 2000, mean episode reward: -19.94730382978081, agent episode reward: [-29.948856491267893, 5.000776330743542, 5.000776330743542], time: 68.565
steps: 74975, episodes: 3000, mean episode reward: 2.9406430339619423, agent episode reward: [-9.689195178098704, 6.314919106030323, 6.314919106030323], time: 68.833
steps: 99975, episodes: 4000, mean episode reward: 2.869034017907465, agent episode reward: [-8.938765490376317, 5.903899754141892, 5.903899754141892], time: 82.84
steps: 124975, episodes: 5000, mean episode reward: 2.3164024102044434, agent episode reward: [-9.712905293356746, 6.0146538517805945, 6.0146538517805945], time: 87.192
steps: 149975, episodes: 6000, mean episode reward: 1.3425780323063887, agent episode reward: [-9.712010546329516, 5.527294289317952, 5.527294289317952], time: 87.515
steps: 174975, episodes: 7000, mean episode reward: 0.9881431595700216, agent episode reward: [-10.231612353140866, 5.609877756355444, 5.609877756355444], time: 87.19
steps: 199975, episodes: 8000, mean episode reward: 0.5717735295401901, agent episode reward: [-10.038477875101922, 5.305125702321057, 5.305125702321057], time: 87.214
steps: 224975, episodes: 9000, mean episode reward: -0.7508477043351929, agent episode reward: [-10.036746950944364, 4.642949623304585, 4.642949623304585], time: 87.292
steps: 249975, episodes: 10000, mean episode reward: -0.5253913464405526, agent episode reward: [-10.528318696133992, 5.00146367484672, 5.00146367484672], time: 87.712
steps: 274975, episodes: 11000, mean episode reward: -0.4400930189480382, agent episode reward: [-11.02349545389548, 5.2917012174737215, 5.2917012174737215], time: 87.192
steps: 299975, episodes: 12000, mean episode reward: -0.47388808058786364, agent episode reward: [-11.480128713634087, 5.503120316523111, 5.503120316523111], time: 87.012
steps: 324975, episodes: 13000, mean episode reward: 0.06799981190809117, agent episode reward: [-11.540506459713145, 5.804253135810618, 5.804253135810618], time: 87.18
steps: 349975, episodes: 14000, mean episode reward: 0.18014726744394, agent episode reward: [-11.566128943994016, 5.8731381057189775, 5.8731381057189775], time: 87.301
steps: 374975, episodes: 15000, mean episode reward: 1.065252764501735, agent episode reward: [-11.505607389447203, 6.285430076974469, 6.285430076974469], time: 86.767
steps: 399975, episodes: 16000, mean episode reward: 1.7068999244037546, agent episode reward: [-11.938855101617646, 6.822877513010701, 6.822877513010701], time: 87.272
steps: 424975, episodes: 17000, mean episode reward: 2.6678828333184166, agent episode reward: [-12.016619814209772, 7.342251323764094, 7.342251323764094], time: 86.757
steps: 449975, episodes: 18000, mean episode reward: 2.7688693215545945, agent episode reward: [-12.135799985301759, 7.452334653428177, 7.452334653428177], time: 87.165
steps: 474975, episodes: 19000, mean episode reward: 2.5107937606328443, agent episode reward: [-12.418181416890915, 7.46448758876188, 7.46448758876188], time: 86.939
steps: 499975, episodes: 20000, mean episode reward: 2.976915310070455, agent episode reward: [-11.74346863363633, 7.360191971853392, 7.360191971853392], time: 87.014
steps: 524975, episodes: 21000, mean episode reward: 2.8490236370109425, agent episode reward: [-12.215509772016771, 7.532266704513856, 7.532266704513856], time: 87.331
steps: 549975, episodes: 22000, mean episode reward: 3.2051691628343115, agent episode reward: [-12.493329497501373, 7.84924933016784, 7.84924933016784], time: 87.095
steps: 574975, episodes: 23000, mean episode reward: 2.5633747027883484, agent episode reward: [-13.164130143103622, 7.863752422945984, 7.863752422945984], time: 87.093
steps: 599975, episodes: 24000, mean episode reward: 2.749052530968656, agent episode reward: [-13.295145919349023, 8.02209922515884, 8.02209922515884], time: 86.563
steps: 624975, episodes: 25000, mean episode reward: 2.8817555272111157, agent episode reward: [-13.323874059647775, 8.102814793429445, 8.102814793429445], time: 87.202
steps: 649975, episodes: 26000, mean episode reward: 2.9644241475627213, agent episode reward: [-13.006703291917459, 7.985563719740091, 7.985563719740091], time: 87.516
steps: 674975, episodes: 27000, mean episode reward: 3.543173455013019, agent episode reward: [-12.72562682477468, 8.13440013989385, 8.13440013989385], time: 87.05
steps: 699975, episodes: 28000, mean episode reward: 3.8168776749379547, agent episode reward: [-12.551671742320652, 8.184274708629303, 8.184274708629303], time: 86.939
steps: 724975, episodes: 29000, mean episode reward: 3.4082146208174495, agent episode reward: [-12.311686502092426, 7.859950561454938, 7.859950561454938], time: 87.678
steps: 749975, episodes: 30000, mean episode reward: 3.9829768236133196, agent episode reward: [-12.88700788129401, 8.434992352453664, 8.434992352453664], time: 87.23
steps: 774975, episodes: 31000, mean episode reward: 4.269919846937889, agent episode reward: [-13.125933619585682, 8.697926733261786, 8.697926733261786], time: 87.074
steps: 799975, episodes: 32000, mean episode reward: 3.7970151646502477, agent episode reward: [-13.357123637300273, 8.577069400975258, 8.577069400975258], time: 87.12
steps: 824975, episodes: 33000, mean episode reward: 3.302781444700089, agent episode reward: [-12.504896544869025, 7.903838994784558, 7.903838994784558], time: 87.305
steps: 849975, episodes: 34000, mean episode reward: 3.5195258951908555, agent episode reward: [-13.401326602813986, 8.46042624900242, 8.46042624900242], time: 86.979
steps: 874975, episodes: 35000, mean episode reward: 3.264992925741374, agent episode reward: [-13.090227000590158, 8.177609963165766, 8.177609963165766], time: 87.183
steps: 899975, episodes: 36000, mean episode reward: 3.3666013863726976, agent episode reward: [-13.114289642928089, 8.240445514650393, 8.240445514650393], time: 87.208
steps: 924975, episodes: 37000, mean episode reward: 2.877811859543865, agent episode reward: [-12.93495432823852, 7.9063830938911925, 7.9063830938911925], time: 87.486
steps: 949975, episodes: 38000, mean episode reward: 2.8858676946782658, agent episode reward: [-13.005942022386396, 7.945904858532331, 7.945904858532331], time: 87.531
steps: 974975, episodes: 39000, mean episode reward: 2.651487681125811, agent episode reward: [-12.724515696115311, 7.688001688620561, 7.688001688620561], time: 88.248
steps: 999975, episodes: 40000, mean episode reward: 3.225620460734652, agent episode reward: [-13.452220829426635, 8.338920645080641, 8.338920645080641], time: 87.059
steps: 1024975, episodes: 41000, mean episode reward: 3.0990814107581683, agent episode reward: [-13.257557313105574, 8.17831936193187, 8.17831936193187], time: 87.664
steps: 1049975, episodes: 42000, mean episode reward: 3.232566752817037, agent episode reward: [-13.53961401112195, 8.386090381969494, 8.386090381969494], time: 87.666
steps: 1074975, episodes: 43000, mean episode reward: 3.120331548784269, agent episode reward: [-13.996912808292038, 8.558622178538153, 8.558622178538153], time: 87.072
steps: 1099975, episodes: 44000, mean episode reward: 2.8667097377476374, agent episode reward: [-13.539586480720773, 8.203148109234206, 8.203148109234206], time: 87.338
steps: 1124975, episodes: 45000, mean episode reward: 3.337845204396322, agent episode reward: [-13.918565299484085, 8.628205251940201, 8.628205251940201], time: 87.947
steps: 1149975, episodes: 46000, mean episode reward: 2.8614751540214165, agent episode reward: [-13.744871574809888, 8.303173364415652, 8.303173364415652], time: 87.46
steps: 1174975, episodes: 47000, mean episode reward: 3.182607481067389, agent episode reward: [-13.881749618823752, 8.532178549945574, 8.532178549945574], time: 88.055
steps: 1199975, episodes: 48000, mean episode reward: 3.596539366571095, agent episode reward: [-13.468745336472763, 8.532642351521929, 8.532642351521929], time: 88.02
steps: 1224975, episodes: 49000, mean episode reward: 3.8167778032662447, agent episode reward: [-13.434221760836596, 8.62549978205142, 8.62549978205142], time: 87.84
steps: 1249975, episodes: 50000, mean episode reward: 3.4597265117189107, agent episode reward: [-13.879014937342639, 8.669370724530774, 8.669370724530774], time: 87.527
steps: 1274975, episodes: 51000, mean episode reward: 4.142810426726759, agent episode reward: [-13.274435150238768, 8.708622788482764, 8.708622788482764], time: 87.173
steps: 1299975, episodes: 52000, mean episode reward: 3.886212057524846, agent episode reward: [-13.63858182167466, 8.762396939599752, 8.762396939599752], time: 87.587
steps: 1324975, episodes: 53000, mean episode reward: 3.6618883324424822, agent episode reward: [-13.060512746663116, 8.361200539552799, 8.361200539552799], time: 87.352
steps: 1349975, episodes: 54000, mean episode reward: 3.9156838735423607, agent episode reward: [-12.2370579294604, 8.07637090150138, 8.07637090150138], time: 87.383
steps: 1374975, episodes: 55000, mean episode reward: 3.7271987102256303, agent episode reward: [-13.602486512092332, 8.664842611158981, 8.664842611158981], time: 86.983
steps: 1399975, episodes: 56000, mean episode reward: 3.424523795031022, agent episode reward: [-13.24995573847208, 8.337239766751551, 8.337239766751551], time: 87.47
steps: 1424975, episodes: 57000, mean episode reward: 3.7504193049574934, agent episode reward: [-13.088206618073643, 8.419312961515569, 8.419312961515569], time: 87.949
steps: 1449975, episodes: 58000, mean episode reward: 2.777673692227738, agent episode reward: [-13.057442461278574, 7.917558076753156, 7.917558076753156], time: 87.527
steps: 1474975, episodes: 59000, mean episode reward: 2.586590391937015, agent episode reward: [-13.519457824878446, 8.053024108407731, 8.053024108407731], time: 88.061
steps: 1499975, episodes: 60000, mean episode reward: 2.3633166925361837, agent episode reward: [-13.029728540768957, 7.6965226166525715, 7.6965226166525715], time: 84.849
...Finished total of 60001 episodes.
