Using good policy maddpg and adv policy maddpg
Uncertainty type is:  Action ; Uncertainty level is:  2.0
Starting iterations...
steps: 24975, episodes: 1000, mean episode reward: -38.1632872596367, agent episode reward: [0.5256227505940668, 0.5217675665422027, 0.540321904006564, 0.47091809034696713, -25.040163623231013, -15.181753947895485], time: 213.148
steps: 49975, episodes: 2000, mean episode reward: -19.88581546637975, agent episode reward: [2.062870945313733, 1.8068654959821624, 2.315340193537767, 2.431002398684052, -11.933581291570382, -16.568313208327087], time: 318.262
steps: 74975, episodes: 3000, mean episode reward: 9.507501733414768, agent episode reward: [3.353634861006546, 3.402802189629412, 3.9932577518406007, 3.886323136933291, -2.639702337590905, -2.4888138684041774], time: 322.131
steps: 99975, episodes: 4000, mean episode reward: 14.104989586625004, agent episode reward: [4.814310395766559, 4.535806304985258, 5.1003182025401514, 4.93705026600567, -2.6354964524713864, -2.6469991302012477], time: 324.882
steps: 124975, episodes: 5000, mean episode reward: 14.494621642659986, agent episode reward: [4.746542415946802, 4.779515375507389, 4.860025548161102, 4.930169042721808, -2.52416070858972, -2.297470031087394], time: 327.559
steps: 149975, episodes: 6000, mean episode reward: 15.246054274398745, agent episode reward: [4.899028236246926, 4.851110855775905, 5.187141694289534, 5.190128208406082, -2.2968556426457774, -2.5844990776739274], time: 328.862
steps: 174975, episodes: 7000, mean episode reward: 18.088470542739547, agent episode reward: [6.044147050066379, 6.0565525751387685, 6.238032797441252, 6.138387815892127, -2.8837788878267423, -3.50487080797224], time: 326.443
steps: 199975, episodes: 8000, mean episode reward: 17.966488201468636, agent episode reward: [5.911383258745399, 5.7882269024051585, 5.917657861019564, 5.732570667009066, -2.5525913059479053, -2.830759181762645], time: 324.858
steps: 224975, episodes: 9000, mean episode reward: 22.648206647543162, agent episode reward: [7.783085540039474, 7.630253041211794, 7.783028363365389, 7.490040029027613, -4.093798965250012, -3.9444013608510944], time: 330.835
steps: 249975, episodes: 10000, mean episode reward: 30.116340069226393, agent episode reward: [10.099725351514023, 9.779612032573144, 9.805699788452912, 9.616459807540906, -4.955261616730606, -4.22989529412398], time: 329.403
steps: 274975, episodes: 11000, mean episode reward: 35.77213746460951, agent episode reward: [11.80239692907279, 11.72518453364941, 11.75211617735121, 11.478522354058413, -5.198934254433279, -5.787148275089032], time: 328.114
steps: 299975, episodes: 12000, mean episode reward: 40.55270620818361, agent episode reward: [13.482215452690019, 13.23380232896391, 13.32203003522097, 13.171782214760155, -5.913313689215623, -6.743810134235828], time: 327.46
steps: 324975, episodes: 13000, mean episode reward: 40.69147823546069, agent episode reward: [13.52360870132605, 13.290052619918455, 13.402681715921684, 13.116188413523687, -5.887650973521226, -6.753402241707965], time: 328.937
steps: 349975, episodes: 14000, mean episode reward: 47.45322439360034, agent episode reward: [15.853385661206287, 15.622372453656116, 15.6505348324171, 15.476748943335036, -7.056072960259404, -8.093744536754802], time: 325.146
steps: 374975, episodes: 15000, mean episode reward: 48.28978739596394, agent episode reward: [16.055582843526295, 15.960979904304564, 15.948299997247899, 15.88384635625243, -7.780770772087737, -7.778150933279514], time: 328.939
steps: 399975, episodes: 16000, mean episode reward: 39.369450330960824, agent episode reward: [13.200157236428742, 12.996410982722093, 13.048803717508243, 12.919007601780345, -6.568666920695698, -6.226262286782897], time: 327.533
steps: 424975, episodes: 17000, mean episode reward: 33.48661280112204, agent episode reward: [11.781041268465618, 11.691798994412412, 11.66873232197464, 11.604655937426095, -6.54530230952458, -6.71431341163214], time: 331.382
steps: 449975, episodes: 18000, mean episode reward: 45.687850166384735, agent episode reward: [15.384359790485814, 15.335075384512493, 15.271095882341072, 15.257783516735715, -8.399474723111075, -7.160989684579283], time: 327.724
steps: 474975, episodes: 19000, mean episode reward: 45.83604852763805, agent episode reward: [15.5665465243689, 15.454846413176368, 15.429101805218357, 15.458774199227511, -8.438934239098812, -7.63428617525427], time: 329.072
steps: 499975, episodes: 20000, mean episode reward: 47.9658783391426, agent episode reward: [16.0875727551586, 16.034997907450563, 15.997233916234698, 15.989583167422417, -9.31380364406396, -6.829705763059718], time: 326.373
steps: 524975, episodes: 21000, mean episode reward: 39.33178055824634, agent episode reward: [13.64291403807688, 13.597005067325194, 13.509778931996458, 13.497382783779846, -8.15510228460856, -6.760197978323493], time: 328.078
steps: 549975, episodes: 22000, mean episode reward: 39.58621587284395, agent episode reward: [13.860237288941693, 13.759027005144144, 13.680127748270719, 13.714148212446817, -7.473961821848477, -7.953362560110936], time: 329.428
steps: 574975, episodes: 23000, mean episode reward: 32.27569415884784, agent episode reward: [12.514409479842817, 12.404640490268408, 12.402180822582704, 12.316104429432645, -9.917697287542246, -7.443943775736487], time: 328.681
steps: 599975, episodes: 24000, mean episode reward: 25.62215975428503, agent episode reward: [10.38192138071733, 10.259944672365204, 10.203832496165811, 10.139729831715755, -7.865702394599272, -7.497566232079795], time: 331.195
steps: 624975, episodes: 25000, mean episode reward: 20.777089059443725, agent episode reward: [8.308856189970184, 8.241112609147878, 8.262381530285081, 8.17243309145028, -6.3468667811145645, -5.860827580295129], time: 328.904
steps: 649975, episodes: 26000, mean episode reward: 22.066333734745022, agent episode reward: [8.620503520365386, 8.535971158688318, 8.520241141381808, 8.469049241649776, -5.720130020868152, -6.359301306472115], time: 328.059
steps: 674975, episodes: 27000, mean episode reward: 18.552725086896718, agent episode reward: [7.088970794653214, 7.062000692420981, 7.056657809039958, 7.030013809155765, -4.203934179307659, -5.480983839065544], time: 325.493
steps: 699975, episodes: 28000, mean episode reward: 16.974233372530186, agent episode reward: [6.908711109097917, 6.890097624885469, 6.850112724345119, 6.84858716188542, -3.9346828014022086, -6.588592446281531], time: 324.964
steps: 724975, episodes: 29000, mean episode reward: 20.291635280712125, agent episode reward: [8.187401992118993, 8.180450754079114, 8.125683938528303, 8.086890344727797, -4.454645616624459, -7.834146132117622], time: 318.768
steps: 749975, episodes: 30000, mean episode reward: 15.178083715710283, agent episode reward: [6.855567831305102, 6.8102462347875115, 6.800378275104651, 6.782612086058926, -4.3312169293007665, -7.739503782245142], time: 319.463
steps: 774975, episodes: 31000, mean episode reward: 19.2792177594241, agent episode reward: [8.557974019729135, 8.59314468018806, 8.503821580596254, 8.527504351810126, -5.583743769998827, -9.319483102900646], time: 317.666
steps: 799975, episodes: 32000, mean episode reward: 19.699930356623618, agent episode reward: [8.343147391451392, 8.344001393266815, 8.286887318468562, 8.281699405047915, -4.861171244530294, -8.694633907080771], time: 317.389
steps: 824975, episodes: 33000, mean episode reward: 18.59705649033501, agent episode reward: [7.674656191507587, 7.688541703364052, 7.607547650535276, 7.610316573849297, -4.783200398001385, -7.200805230919817], time: 316.732
steps: 849975, episodes: 34000, mean episode reward: 20.838804273101807, agent episode reward: [8.4737566176644, 8.484091335744067, 8.431707809430169, 8.507356374442155, -5.146186738960703, -7.9119211252182815], time: 317.677
steps: 874975, episodes: 35000, mean episode reward: 20.29458706877362, agent episode reward: [7.701916853093367, 7.710552032092006, 7.6130099089871415, 7.619700618519245, -5.36161852061434, -4.9889738233038035], time: 316.186
steps: 899975, episodes: 36000, mean episode reward: 21.32640396128535, agent episode reward: [7.911585578948834, 7.925884228966391, 7.875506697930079, 7.809657508521217, -6.218239385700543, -3.9779906673806282], time: 318.136
steps: 924975, episodes: 37000, mean episode reward: 17.473879592267078, agent episode reward: [7.160718931151739, 7.158570111214926, 7.11220291072723, 7.07571548845232, -6.073342830138471, -4.959985019140665], time: 319.212
steps: 949975, episodes: 38000, mean episode reward: 24.427042600421586, agent episode reward: [9.023727072334056, 9.009398395097111, 9.029817882886487, 9.003271114686916, -5.746873546147883, -5.892298318435098], time: 317.347
steps: 974975, episodes: 39000, mean episode reward: 24.37729348247483, agent episode reward: [8.593984632281922, 8.594166850298468, 8.518113106062511, 8.523561740227843, -4.629650522091809, -5.222882324304107], time: 317.0
steps: 999975, episodes: 40000, mean episode reward: 21.425282860664847, agent episode reward: [7.532215277395935, 7.559508504650069, 7.4144101053271045, 7.535534979172833, -4.690369949259157, -3.926016056621936], time: 316.921
steps: 1024975, episodes: 41000, mean episode reward: 21.55288830269716, agent episode reward: [7.631430523573191, 7.673151689456277, 7.580350571162859, 7.686947856212928, -5.34110593399559, -3.677886403712503], time: 315.951
steps: 1049975, episodes: 42000, mean episode reward: 20.295554168285772, agent episode reward: [7.8502908070865915, 7.865209031305541, 7.729527196812208, 7.851165436492713, -7.840783342277482, -3.1598549611337994], time: 313.708
steps: 1074975, episodes: 43000, mean episode reward: 14.66918123485889, agent episode reward: [6.14113575745163, 6.050594406533153, 6.023729607933967, 6.04081187807687, -6.096672489951842, -3.4904179251848886], time: 315.257
steps: 1099975, episodes: 44000, mean episode reward: 14.841467422718768, agent episode reward: [6.494546564338091, 6.396305883765985, 6.474375835952476, 6.262145216612779, -6.7561775522392375, -4.029728525711324], time: 314.344
steps: 1124975, episodes: 45000, mean episode reward: 15.810736491672555, agent episode reward: [6.481404251219563, 6.329162663900671, 6.39881934895628, 6.303415226707732, -5.976146496215528, -3.725918502896161], time: 317.84
steps: 1149975, episodes: 46000, mean episode reward: 18.915734092646677, agent episode reward: [7.0865510652761206, 7.178329904170311, 7.164362668537454, 7.0029125345922685, -5.861126851065438, -3.6552952288640452], time: 315.027
steps: 1174975, episodes: 47000, mean episode reward: 18.253101773338194, agent episode reward: [6.433211589963903, 6.587332367344619, 6.507260005706777, 6.331953849646114, -4.341330011981961, -3.2653260273412545], time: 318.955
steps: 1199975, episodes: 48000, mean episode reward: 16.337934222564154, agent episode reward: [5.958209823828524, 5.8124947309072486, 5.901699992167047, 5.872890352100456, -4.138987739788597, -3.0683729366505226], time: 316.178
steps: 1224975, episodes: 49000, mean episode reward: 16.90954228601756, agent episode reward: [6.232949802525271, 6.323877219084148, 6.365521942771722, 6.225560614440506, -4.809201850010199, -3.4291654427938885], time: 315.128
steps: 1249975, episodes: 50000, mean episode reward: 18.62384618040392, agent episode reward: [6.48231796050636, 6.5903908259911015, 6.573918776721833, 6.367917465467366, -3.9906029654435438, -3.4000958828391936], time: 315.513
steps: 1274975, episodes: 51000, mean episode reward: 19.43035672522264, agent episode reward: [6.659355849152298, 6.811438422683667, 6.87972300618776, 6.807153283114909, -4.140339000952657, -3.5869748349633297], time: 315.85
steps: 1299975, episodes: 52000, mean episode reward: 17.653521340544497, agent episode reward: [6.21827997044428, 6.402921831560634, 6.363554979012257, 6.310562383491531, -4.267067609022383, -3.3747302149418252], time: 314.031
steps: 1324975, episodes: 53000, mean episode reward: 16.07561293618256, agent episode reward: [5.759196303142238, 5.867824038246558, 5.900994120172352, 5.7904454420407445, -4.051693978743895, -3.191152988675434], time: 314.296
steps: 1349975, episodes: 54000, mean episode reward: 17.882733228280166, agent episode reward: [6.073426242442176, 6.275833249918051, 6.3277100534205255, 6.3018196701212625, -3.8745077786647673, -3.2215482089570853], time: 312.241
steps: 1374975, episodes: 55000, mean episode reward: 18.49256960600294, agent episode reward: [6.301461166414121, 6.378407305966864, 6.38616676128812, 6.343832804199141, -3.6282486000383054, -3.289049831827], time: 311.981
steps: 1399975, episodes: 56000, mean episode reward: 21.03135778364745, agent episode reward: [7.324843695116924, 7.420658788732014, 7.450029066856775, 7.38841289639031, -4.127243672019966, -4.425342991428609], time: 313.603
steps: 1424975, episodes: 57000, mean episode reward: 20.961371199373378, agent episode reward: [7.0988783831841475, 7.203792302147434, 7.285949914628105, 7.182019164060797, -3.41066297091456, -4.398605593732547], time: 312.296
steps: 1449975, episodes: 58000, mean episode reward: 18.96740859312333, agent episode reward: [6.524385001688048, 6.702143495969937, 6.77898122919048, 6.6912089328449875, -3.3305393384561097, -4.39877072811401], time: 316.192
steps: 1474975, episodes: 59000, mean episode reward: 20.980053945721718, agent episode reward: [7.476157463868127, 7.756091105809706, 7.798478911579841, 7.674863320009452, -4.314166508156548, -5.411370347388863], time: 312.542
steps: 1499975, episodes: 60000, mean episode reward: 19.485257776107158, agent episode reward: [6.772644509339608, 7.0456766199922765, 7.093732595840493, 7.016091492455197, -4.043427703413448, -4.399459738106969], time: 311.352
...Finished total of 60001 episodes.
